[0.295s] Invoking command in '/home/kishoreyogaraj/tracking_ws/build/tracking_msgs': CMAKE_PREFIX_PATH=${CMAKE_PREFIX_PATH}:/home/kishoreyogaraj/tracking_ws/install/tracking:/opt/ros/humble /usr/bin/cmake --build /home/kishoreyogaraj/tracking_ws/build/tracking_msgs -- -j8 -l8
[0.327s] -- Found ament_cmake: 1.3.9 (/opt/ros/humble/share/ament_cmake/cmake)
[0.481s] -- Found rosidl_default_generators: 1.2.0 (/opt/ros/humble/share/rosidl_default_generators/cmake)
[0.483s] -- Using all available rosidl_typesupport_c: rosidl_typesupport_fastrtps_c;rosidl_typesupport_introspection_c
[0.486s] -- Found rosidl_adapter: 3.1.5 (/opt/ros/humble/share/rosidl_adapter/cmake)
[0.517s] -- Using all available rosidl_typesupport_cpp: rosidl_typesupport_fastrtps_cpp;rosidl_typesupport_introspection_cpp
[0.545s] -- Found std_msgs: 4.2.4 (/opt/ros/humble/share/std_msgs/cmake)
[0.609s] -- Found vision_msgs: 4.1.1 (/opt/ros/humble/share/vision_msgs/cmake)
[1.071s] -- Found ament_cmake_ros: 0.10.0 (/opt/ros/humble/share/ament_cmake_ros/cmake)
[1.345s] -- Using all available rosidl_typesupport_c: rosidl_typesupport_fastrtps_c;rosidl_typesupport_introspection_c
[1.705s] -- Using all available rosidl_typesupport_cpp: rosidl_typesupport_fastrtps_cpp;rosidl_typesupport_introspection_cpp
[1.730s] -- Found python_cmake_module: 0.10.0 (/opt/ros/humble/share/python_cmake_module/cmake)
[1.753s] -- Using PYTHON_EXECUTABLE: /usr/bin/python3
[1.753s] -- Using PYTHON_INCLUDE_DIRS: /usr/include/python3.10
[1.753s] -- Using PYTHON_LIBRARIES: /usr/lib/x86_64-linux-gnu/libpython3.10.so
[1.804s] -- Configuring done
[1.853s] -- Generating done
[1.856s] -- Build files have been written to: /home/kishoreyogaraj/tracking_ws/build/tracking_msgs
[1.881s] [  1%] [34m[1mGenerating C code for ROS interfaces[0m
[1.890s] [  2%] [34m[1mGenerating C++ code for ROS interfaces[0m
[1.900s] [  2%] Built target ament_cmake_python_copy_tracking_msgs
[2.187s] running egg_info
[2.188s] writing tracking_msgs.egg-info/PKG-INFO
[2.188s] writing dependency_links to tracking_msgs.egg-info/dependency_links.txt
[2.188s] writing top-level names to tracking_msgs.egg-info/top_level.txt
[2.191s] reading manifest file 'tracking_msgs.egg-info/SOURCES.txt'
[2.193s] writing manifest file 'tracking_msgs.egg-info/SOURCES.txt'
[2.222s] [  2%] Built target ament_cmake_python_build_tracking_msgs_egg
[2.489s] [  2%] Built target tracking_msgs__cpp
[2.512s] [  4%] [34m[1mGenerating C++ type support dispatch for ROS interfaces[0m
[2.512s] [  5%] [34m[1mGenerating C++ type support for eProsima Fast-RTPS[0m
[2.548s] [  7%] [34m[1mGenerating C++ introspection for ROS interfaces[0m
[2.557s] [35m[1mConsolidate compiler generated dependencies of target tracking_msgs__rosidl_generator_c[0m
[2.576s] [  9%] [32mBuilding C object CMakeFiles/tracking_msgs__rosidl_generator_c.dir/rosidl_generator_c/tracking_msgs/msg/detail/obstacle__functions.c.o[0m
[2.577s] [ 12%] [32mBuilding C object CMakeFiles/tracking_msgs__rosidl_generator_c.dir/rosidl_generator_c/tracking_msgs/msg/detail/tracked_detection3_d__functions.c.o[0m
[2.577s] [ 12%] [32mBuilding C object CMakeFiles/tracking_msgs__rosidl_generator_c.dir/rosidl_generator_c/tracking_msgs/msg/detail/tracked_obstacle_list__functions.c.o[0m
[2.579s] [  9%] [32mBuilding C object CMakeFiles/tracking_msgs__rosidl_generator_c.dir/rosidl_generator_c/tracking_msgs/msg/detail/tracked_detection3_d_array__functions.c.o[0m
[2.588s] [ 14%] [32mBuilding C object CMakeFiles/tracking_msgs__rosidl_generator_c.dir/rosidl_generator_c/tracking_msgs/msg/detail/tracked_obstacle__functions.c.o[0m
[2.616s] In file included from [01m[K/home/kishoreyogaraj/tracking_ws/build/tracking_msgs/rosidl_generator_c/tracking_msgs/msg/detail/tracked_obstacle__functions.h:19[m[K,
[2.617s]                  from [01m[K/home/kishoreyogaraj/tracking_ws/build/tracking_msgs/rosidl_generator_c/tracking_msgs/msg/detail/tracked_obstacle__functions.c:4[m[K:
[2.618s] [01m[K/home/kishoreyogaraj/tracking_ws/build/tracking_msgs/rosidl_generator_c/tracking_msgs/msg/detail/tracked_obstacle__struct.h:22:10:[m[K [01;31m[Kfatal error: [m[Ktracking_msgs/msg/detail/header__struct.h: No such file or directory
[2.618s]    22 | #include [01;31m[K"tracking_msgs/msg/detail/header__struct.h"[m[K
[2.618s]       |          [01;31m[K^~~~~~~~~~~~~~~~~~~~~~~~~~~~~~~~~~~~~~~~~~~[m[K
[2.618s] In file included from [01m[K/home/kishoreyogaraj/tracking_ws/build/tracking_msgs/rosidl_generator_c/tracking_msgs/msg/detail/obstacle__functions.h:19[m[K,
[2.618s]                  from [01m[K/home/kishoreyogaraj/tracking_ws/build/tracking_msgs/rosidl_generator_c/tracking_msgs/msg/detail/obstacle__functions.c:4[m[K:
[2.619s] [01m[K/home/kishoreyogaraj/tracking_ws/build/tracking_msgs/rosidl_generator_c/tracking_msgs/msg/detail/obstacle__struct.h:22:10:[m[K [01;31m[Kfatal error: [m[Ktracking_msgs/msg/detail/header__struct.h: No such file or directory
[2.619s]    22 | #include [01;31m[K"tracking_msgs/msg/detail/header__struct.h"[m[K
[2.619s]       |          [01;31m[K^~~~~~~~~~~~~~~~~~~~~~~~~~~~~~~~~~~~~~~~~~~[m[K
[2.619s] compilation terminated.
[2.619s] compilation terminated.
[2.619s] In file included from [01m[K/home/kishoreyogaraj/tracking_ws/build/tracking_msgs/rosidl_generator_c/tracking_msgs/msg/detail/tracked_obstacle_list__functions.h:19[m[K,
[2.619s]                  from [01m[K/home/kishoreyogaraj/tracking_ws/build/tracking_msgs/rosidl_generator_c/tracking_msgs/msg/detail/tracked_obstacle_list__functions.c:4[m[K:
[2.619s] [01m[K/home/kishoreyogaraj/tracking_ws/build/tracking_msgs/rosidl_generator_c/tracking_msgs/msg/detail/tracked_obstacle_list__struct.h:22:10:[m[K [01;31m[Kfatal error: [m[Ktracking_msgs/msg/detail/header__struct.h: No such file or directory
[2.620s]    22 | #include [01;31m[K"tracking_msgs/msg/detail/header__struct.h"[m[K
[2.620s]       |          [01;31m[K^~~~~~~~~~~~~~~~~~~~~~~~~~~~~~~~~~~~~~~~~~~[m[K
[2.620s] compilation terminated.
[2.620s] gmake[2]: *** [CMakeFiles/tracking_msgs__rosidl_generator_c.dir/build.make:305: CMakeFiles/tracking_msgs__rosidl_generator_c.dir/rosidl_generator_c/tracking_msgs/msg/detail/tracked_obstacle__functions.c.o] Error 1
[2.620s] gmake[2]: *** Waiting for unfinished jobs....
[2.620s] gmake[2]: *** [CMakeFiles/tracking_msgs__rosidl_generator_c.dir/build.make:291: CMakeFiles/tracking_msgs__rosidl_generator_c.dir/rosidl_generator_c/tracking_msgs/msg/detail/obstacle__functions.c.o] Error 1
[2.620s] gmake[2]: *** [CMakeFiles/tracking_msgs__rosidl_generator_c.dir/build.make:319: CMakeFiles/tracking_msgs__rosidl_generator_c.dir/rosidl_generator_c/tracking_msgs/msg/detail/tracked_obstacle_list__functions.c.o] Error 1
[2.716s] gmake[1]: *** [CMakeFiles/Makefile2:213: CMakeFiles/tracking_msgs__rosidl_generator_c.dir/all] Error 2
[2.716s] gmake[1]: *** Waiting for unfinished jobs....
[3.004s] [35m[1mConsolidate compiler generated dependencies of target tracking_msgs__rosidl_typesupport_cpp[0m
[3.024s] [ 15%] [32mBuilding CXX object CMakeFiles/tracking_msgs__rosidl_typesupport_cpp.dir/rosidl_typesupport_cpp/tracking_msgs/msg/tracked_detection3_d__type_support.cpp.o[0m
[3.024s] [ 16%] [32mBuilding CXX object CMakeFiles/tracking_msgs__rosidl_typesupport_cpp.dir/rosidl_typesupport_cpp/tracking_msgs/msg/obstacle__type_support.cpp.o[0m
[3.026s] [ 18%] [32mBuilding CXX object CMakeFiles/tracking_msgs__rosidl_typesupport_cpp.dir/rosidl_typesupport_cpp/tracking_msgs/msg/tracked_obstacle__type_support.cpp.o[0m
[3.026s] [ 19%] [32mBuilding CXX object CMakeFiles/tracking_msgs__rosidl_typesupport_cpp.dir/rosidl_typesupport_cpp/tracking_msgs/msg/tracked_obstacle_list__type_support.cpp.o[0m
[3.027s] [ 21%] [32mBuilding CXX object CMakeFiles/tracking_msgs__rosidl_typesupport_cpp.dir/rosidl_typesupport_cpp/tracking_msgs/msg/tracked_detection3_d_array__type_support.cpp.o[0m
[3.037s] [ 22%] [32mBuilding CXX object CMakeFiles/tracking_msgs__rosidl_typesupport_cpp.dir/rosidl_typesupport_cpp/tracking_msgs/msg/tracked_obstacle_state__type_support.cpp.o[0m
[3.181s] In file included from [01m[K/home/kishoreyogaraj/tracking_ws/build/tracking_msgs/rosidl_typesupport_cpp/tracking_msgs/msg/tracked_obstacle__type_support.cpp:7[m[K:
[3.181s] [01m[K/home/kishoreyogaraj/tracking_ws/build/tracking_msgs/rosidl_generator_cpp/tracking_msgs/msg/detail/tracked_obstacle__struct.hpp:20:10:[m[K [01;31m[Kfatal error: [m[Ktracking_msgs/msg/detail/header__struct.hpp: No such file or directory
[3.182s]    20 | #include [01;31m[K"tracking_msgs/msg/detail/header__struct.hpp"[m[K
[3.182s]       |          [01;31m[K^~~~~~~~~~~~~~~~~~~~~~~~~~~~~~~~~~~~~~~~~~~~~[m[K
[3.182s] In file included from [01m[K/home/kishoreyogaraj/tracking_ws/build/tracking_msgs/rosidl_typesupport_cpp/tracking_msgs/msg/tracked_obstacle_state__type_support.cpp:7[m[K:
[3.182s] [01m[K/home/kishoreyogaraj/tracking_ws/build/tracking_msgs/rosidl_generator_cpp/tracking_msgs/msg/detail/tracked_obstacle_state__struct.hpp:20:10:[m[K [01;31m[Kfatal error: [m[Ktracking_msgs/msg/detail/header__struct.hpp: No such file or directory
[3.182s]    20 | #include [01;31m[K"tracking_msgs/msg/detail/header__struct.hpp"[m[K
[3.182s]       |          [01;31m[K^~~~~~~~~~~~~~~~~~~~~~~~~~~~~~~~~~~~~~~~~~~~~[m[K
[3.182s] compilation terminated.
[3.182s] In file included from [01m[K/home/kishoreyogaraj/tracking_ws/build/tracking_msgs/rosidl_typesupport_cpp/tracking_msgs/msg/obstacle__type_support.cpp:7[m[K:
[3.183s] [01m[K/home/kishoreyogaraj/tracking_ws/build/tracking_msgs/rosidl_generator_cpp/tracking_msgs/msg/detail/obstacle__struct.hpp:20:10:[m[K [01;31m[Kfatal error: [m[Ktracking_msgs/msg/detail/header__struct.hpp: No such file or directory
[3.183s]    20 | #include [01;31m[K"tracking_msgs/msg/detail/header__struct.hpp"[m[K
[3.183s]       |          [01;31m[K^~~~~~~~~~~~~~~~~~~~~~~~~~~~~~~~~~~~~~~~~~~~~[m[K
[3.183s] compilation terminated.
[3.184s] compilation terminated.
[3.184s] In file included from [01m[K/home/kishoreyogaraj/tracking_ws/build/tracking_msgs/rosidl_typesupport_cpp/tracking_msgs/msg/tracked_obstacle_list__type_support.cpp:7[m[K:
[3.184s] [01m[K/home/kishoreyogaraj/tracking_ws/build/tracking_msgs/rosidl_generator_cpp/tracking_msgs/msg/detail/tracked_obstacle_list__struct.hpp:20:10:[m[K [01;31m[Kfatal error: [m[Ktracking_msgs/msg/detail/header__struct.hpp: No such file or directory
[3.184s]    20 | #include [01;31m[K"tracking_msgs/msg/detail/header__struct.hpp"[m[K
[3.185s]       |          [01;31m[K^~~~~~~~~~~~~~~~~~~~~~~~~~~~~~~~~~~~~~~~~~~~~[m[K
[3.185s] compilation terminated.
[3.185s] gmake[2]: *** [CMakeFiles/tracking_msgs__rosidl_typesupport_cpp.dir/build.make:226: CMakeFiles/tracking_msgs__rosidl_typesupport_cpp.dir/rosidl_typesupport_cpp/tracking_msgs/msg/tracked_obstacle__type_support.cpp.o] Error 1
[3.185s] gmake[2]: *** Waiting for unfinished jobs....
[3.185s] gmake[2]: *** [CMakeFiles/tracking_msgs__rosidl_typesupport_cpp.dir/build.make:212: CMakeFiles/tracking_msgs__rosidl_typesupport_cpp.dir/rosidl_typesupport_cpp/tracking_msgs/msg/obstacle__type_support.cpp.o] Error 1
[3.185s] gmake[2]: *** [CMakeFiles/tracking_msgs__rosidl_typesupport_cpp.dir/build.make:254: CMakeFiles/tracking_msgs__rosidl_typesupport_cpp.dir/rosidl_typesupport_cpp/tracking_msgs/msg/tracked_obstacle_state__type_support.cpp.o] Error 1
[3.186s] gmake[2]: *** [CMakeFiles/tracking_msgs__rosidl_typesupport_cpp.dir/build.make:240: CMakeFiles/tracking_msgs__rosidl_typesupport_cpp.dir/rosidl_typesupport_cpp/tracking_msgs/msg/tracked_obstacle_list__type_support.cpp.o] Error 1
[3.225s] [35m[1mConsolidate compiler generated dependencies of target tracking_msgs__rosidl_typesupport_introspection_cpp[0m
[3.249s] [ 23%] [32mBuilding CXX object CMakeFiles/tracking_msgs__rosidl_typesupport_introspection_cpp.dir/rosidl_typesupport_introspection_cpp/tracking_msgs/msg/detail/tracked_detection3_d_array__type_support.cpp.o[0m
[3.249s] [ 25%] [32mBuilding CXX object CMakeFiles/tracking_msgs__rosidl_typesupport_introspection_cpp.dir/rosidl_typesupport_introspection_cpp/tracking_msgs/msg/detail/obstacle__type_support.cpp.o[0m
[3.250s] [ 26%] [32mBuilding CXX object CMakeFiles/tracking_msgs__rosidl_typesupport_introspection_cpp.dir/rosidl_typesupport_introspection_cpp/tracking_msgs/msg/detail/tracked_detection3_d__type_support.cpp.o[0m
[3.261s] [35m[1mConsolidate compiler generated dependencies of target tracking_msgs__rosidl_typesupport_fastrtps_cpp[0m
[3.262s] [ 28%] [32mBuilding CXX object CMakeFiles/tracking_msgs__rosidl_typesupport_introspection_cpp.dir/rosidl_typesupport_introspection_cpp/tracking_msgs/msg/detail/tracked_obstacle_list__type_support.cpp.o[0m
[3.268s] [ 29%] [32mBuilding CXX object CMakeFiles/tracking_msgs__rosidl_typesupport_introspection_cpp.dir/rosidl_typesupport_introspection_cpp/tracking_msgs/msg/detail/tracked_obstacle__type_support.cpp.o[0m
[3.285s] [ 30%] [32mBuilding CXX object CMakeFiles/tracking_msgs__rosidl_typesupport_fastrtps_cpp.dir/rosidl_typesupport_fastrtps_cpp/tracking_msgs/msg/detail/dds_fastrtps/tracked_detection3_d__type_support.cpp.o[0m
[3.401s] In file included from [01m[K/home/kishoreyogaraj/tracking_ws/build/tracking_msgs/rosidl_typesupport_introspection_cpp/tracking_msgs/msg/detail/obstacle__type_support.cpp:12[m[K:
[3.402s] [01m[K/home/kishoreyogaraj/tracking_ws/build/tracking_msgs/rosidl_generator_cpp/tracking_msgs/msg/detail/obstacle__struct.hpp:20:10:[m[K [01;31m[Kfatal error: [m[Ktracking_msgs/msg/detail/header__struct.hpp: No such file or directory
[3.404s]    20 | #include [01;31m[K"tracking_msgs/msg/detail/header__struct.hpp"[m[K
[3.405s]       |          [01;31m[K^~~~~~~~~~~~~~~~~~~~~~~~~~~~~~~~~~~~~~~~~~~~~[m[K
[3.406s] In file included from [01m[K/home/kishoreyogaraj/tracking_ws/build/tracking_msgs/rosidl_typesupport_introspection_cpp/tracking_msgs/msg/detail/tracked_obstacle_list__type_support.cpp:12[m[K:
[3.406s] [01m[K/home/kishoreyogaraj/tracking_ws/build/tracking_msgs/rosidl_generator_cpp/tracking_msgs/msg/detail/tracked_obstacle_list__struct.hpp:20:10:[m[K [01;31m[Kfatal error: [m[Ktracking_msgs/msg/detail/header__struct.hpp: No such file or directory
[3.407s]    20 | #include [01;31m[K"tracking_msgs/msg/detail/header__struct.hpp"[m[K
[3.407s]       |          [01;31m[K^~~~~~~~~~~~~~~~~~~~~~~~~~~~~~~~~~~~~~~~~~~~~[m[K
[3.407s] compilation terminated.
[3.409s] In file included from [01m[K/home/kishoreyogaraj/tracking_ws/build/tracking_msgs/rosidl_typesupport_introspection_cpp/tracking_msgs/msg/detail/tracked_obstacle__type_support.cpp:12[m[K:
[3.409s] [01m[K/home/kishoreyogaraj/tracking_ws/build/tracking_msgs/rosidl_generator_cpp/tracking_msgs/msg/detail/tracked_obstacle__struct.hpp:20:10:[m[K [01;31m[Kfatal error: [m[Ktracking_msgs/msg/detail/header__struct.hpp: No such file or directory
[3.410s]    20 | #include [01;31m[K"tracking_msgs/msg/detail/header__struct.hpp"[m[K
[3.410s]       |          [01;31m[K^~~~~~~~~~~~~~~~~~~~~~~~~~~~~~~~~~~~~~~~~~~~~[m[K
[3.410s] compilation terminated.
[3.410s] gmake[2]: *** [CMakeFiles/tracking_msgs__rosidl_typesupport_introspection_cpp.dir/build.make:260: CMakeFiles/tracking_msgs__rosidl_typesupport_introspection_cpp.dir/rosidl_typesupport_introspection_cpp/tracking_msgs/msg/detail/tracked_obstacle_list__type_support.cpp.o] Error 1
[3.410s] gmake[2]: *** Waiting for unfinished jobs....
[3.410s] compilation terminated.
[3.411s] gmake[2]: *** [CMakeFiles/tracking_msgs__rosidl_typesupport_introspection_cpp.dir/build.make:246: CMakeFiles/tracking_msgs__rosidl_typesupport_introspection_cpp.dir/rosidl_typesupport_introspection_cpp/tracking_msgs/msg/detail/tracked_obstacle__type_support.cpp.o] Error 1
[3.411s] gmake[2]: *** [CMakeFiles/tracking_msgs__rosidl_typesupport_introspection_cpp.dir/build.make:232: CMakeFiles/tracking_msgs__rosidl_typesupport_introspection_cpp.dir/rosidl_typesupport_introspection_cpp/tracking_msgs/msg/detail/obstacle__type_support.cpp.o] Error 1
[3.426s] [ 32%] [32mBuilding CXX object CMakeFiles/tracking_msgs__rosidl_typesupport_fastrtps_cpp.dir/rosidl_typesupport_fastrtps_cpp/tracking_msgs/msg/detail/dds_fastrtps/tracked_detection3_d_array__type_support.cpp.o[0m
[3.426s] [ 33%] [32mBuilding CXX object CMakeFiles/tracking_msgs__rosidl_typesupport_fastrtps_cpp.dir/rosidl_typesupport_fastrtps_cpp/tracking_msgs/msg/detail/dds_fastrtps/obstacle__type_support.cpp.o[0m
[3.437s] [ 35%] [32mBuilding CXX object CMakeFiles/tracking_msgs__rosidl_typesupport_fastrtps_cpp.dir/rosidl_typesupport_fastrtps_cpp/tracking_msgs/msg/detail/dds_fastrtps/tracked_obstacle__type_support.cpp.o[0m
[3.551s] In file included from [01m[K/home/kishoreyogaraj/tracking_ws/build/tracking_msgs/rosidl_typesupport_fastrtps_cpp/tracking_msgs/msg/detail/tracked_obstacle__rosidl_typesupport_fastrtps_cpp.hpp:11[m[K,
[3.551s]                  from [01m[K/home/kishoreyogaraj/tracking_ws/build/tracking_msgs/rosidl_typesupport_fastrtps_cpp/tracking_msgs/msg/detail/dds_fastrtps/tracked_obstacle__type_support.cpp:4[m[K:
[3.551s] [01m[K/home/kishoreyogaraj/tracking_ws/build/tracking_msgs/rosidl_generator_cpp/tracking_msgs/msg/detail/tracked_obstacle__struct.hpp:20:10:[m[K [01;31m[Kfatal error: [m[Ktracking_msgs/msg/detail/header__struct.hpp: No such file or directory
[3.551s]    20 | #include [01;31m[K"tracking_msgs/msg/detail/header__struct.hpp"[m[K
[3.551s]       |          [01;31m[K^~~~~~~~~~~~~~~~~~~~~~~~~~~~~~~~~~~~~~~~~~~~~[m[K
[3.551s] compilation terminated.
[3.552s] gmake[2]: *** [CMakeFiles/tracking_msgs__rosidl_typesupport_fastrtps_cpp.dir/build.make:246: CMakeFiles/tracking_msgs__rosidl_typesupport_fastrtps_cpp.dir/rosidl_typesupport_fastrtps_cpp/tracking_msgs/msg/detail/dds_fastrtps/tracked_obstacle__type_support.cpp.o] Error 1
[3.552s] gmake[2]: *** Waiting for unfinished jobs....
[3.554s] In file included from [01m[K/home/kishoreyogaraj/tracking_ws/build/tracking_msgs/rosidl_typesupport_fastrtps_cpp/tracking_msgs/msg/detail/obstacle__rosidl_typesupport_fastrtps_cpp.hpp:11[m[K,
[3.554s]                  from [01m[K/home/kishoreyogaraj/tracking_ws/build/tracking_msgs/rosidl_typesupport_fastrtps_cpp/tracking_msgs/msg/detail/dds_fastrtps/obstacle__type_support.cpp:4[m[K:
[3.554s] [01m[K/home/kishoreyogaraj/tracking_ws/build/tracking_msgs/rosidl_generator_cpp/tracking_msgs/msg/detail/obstacle__struct.hpp:20:10:[m[K [01;31m[Kfatal error: [m[Ktracking_msgs/msg/detail/header__struct.hpp: No such file or directory
[3.554s]    20 | #include [01;31m[K"tracking_msgs/msg/detail/header__struct.hpp"[m[K
[3.554s]       |          [01;31m[K^~~~~~~~~~~~~~~~~~~~~~~~~~~~~~~~~~~~~~~~~~~~~[m[K
[3.554s] compilation terminated.
[3.555s] gmake[2]: *** [CMakeFiles/tracking_msgs__rosidl_typesupport_fastrtps_cpp.dir/build.make:232: CMakeFiles/tracking_msgs__rosidl_typesupport_fastrtps_cpp.dir/rosidl_typesupport_fastrtps_cpp/tracking_msgs/msg/detail/dds_fastrtps/obstacle__type_support.cpp.o] Error 1
[3.648s] gmake[1]: *** [CMakeFiles/Makefile2:395: CMakeFiles/tracking_msgs__rosidl_typesupport_cpp.dir/all] Error 2
[4.124s] gmake[1]: *** [CMakeFiles/Makefile2:369: CMakeFiles/tracking_msgs__rosidl_typesupport_introspection_cpp.dir/all] Error 2
[4.165s] gmake[1]: *** [CMakeFiles/Makefile2:343: CMakeFiles/tracking_msgs__rosidl_typesupport_fastrtps_cpp.dir/all] Error 2
[4.165s] gmake: *** [Makefile:146: all] Error 2
[4.167s] Invoked command in '/home/kishoreyogaraj/tracking_ws/build/tracking_msgs' returned '2': CMAKE_PREFIX_PATH=${CMAKE_PREFIX_PATH}:/home/kishoreyogaraj/tracking_ws/install/tracking:/opt/ros/humble /usr/bin/cmake --build /home/kishoreyogaraj/tracking_ws/build/tracking_msgs -- -j8 -l8
